<?xml version="1.0" encoding="UTF-8"?>
<testng-results ignored="0" total="4" passed="3" failed="1" skipped="0">
  <reporter-output>
  </reporter-output>
  <suite started-at="2023-11-16T12:10:42 UTC" name="TestGenCat" finished-at="2023-11-16T12:11:25 UTC" duration-ms="42770">
    <groups>
    </groups>
    <test started-at="2023-11-16T12:10:42 UTC" name="com.QualityGenCatTest" finished-at="2023-11-16T12:11:22 UTC" duration-ms="39846">
      <class name="QualityGenCatTest">
        <test-method is-config="true" signature="setUpExtentReports()[pri:0, instance:QualityGenCatTest@3b2da18f]" started-at="2023-11-16T12:10:42 UTC" name="setUpExtentReports" finished-at="2023-11-16T12:10:43 UTC" duration-ms="889" status="PASS">
          <reporter-output>
          </reporter-output>
        </test-method> <!-- setUpExtentReports -->
        <test-method is-config="true" signature="setup(java.lang.String)[pri:0, instance:QualityGenCatTest@3b2da18f]" started-at="2023-11-16T12:10:43 UTC" name="setup" finished-at="2023-11-16T12:11:19 UTC" duration-ms="36006" status="PASS">
          <params>
            <param index="0">
              <value>
                <![CDATA[edge]]>
              </value>
            </param>
          </params>
          <reporter-output>
          </reporter-output>
        </test-method> <!-- setup -->
        <test-method is-config="true" signature="setup(java.lang.String)[pri:0, instance:QualityGenCatTest@3b2da18f]" started-at="2023-11-16T12:10:43 UTC" name="setup" finished-at="2023-11-16T12:10:49 UTC" duration-ms="6673" status="PASS">
          <params>
            <param index="0">
              <value>
                <![CDATA[edge]]>
              </value>
            </param>
          </params>
          <reporter-output>
          </reporter-output>
        </test-method> <!-- setup -->
        <test-method signature="qualityGenCat(java.lang.String)[pri:0, instance:QualityGenCatTest@3b2da18f]" started-at="2023-11-16T12:10:49 UTC" name="qualityGenCat" finished-at="2023-11-16T12:11:16 UTC" duration-ms="27011" status="PASS">
          <params>
            <param index="0">
              <value>
                <![CDATA[edge]]>
              </value>
            </param>
          </params>
          <reporter-output>
          </reporter-output>
        </test-method> <!-- qualityGenCat -->
        <test-method is-config="true" signature="setUp()[pri:0, instance:QualityGenCatTest@3b2da18f]" started-at="2023-11-16T12:10:49 UTC" name="setUp" finished-at="2023-11-16T12:10:49 UTC" duration-ms="0" status="PASS">
          <reporter-output>
          </reporter-output>
        </test-method> <!-- setUp -->
        <test-method is-config="true" signature="tearDown()[pri:0, instance:QualityGenCatTest@3b2da18f]" started-at="2023-11-16T12:11:16 UTC" name="tearDown" finished-at="2023-11-16T12:11:17 UTC" duration-ms="261" status="PASS">
          <reporter-output>
          </reporter-output>
        </test-method> <!-- tearDown -->
        <test-method signature="qualityGenCat2(java.lang.String)[pri:0, instance:QualityGenCatTest@3b2da18f]" started-at="2023-11-16T12:11:19 UTC" name="qualityGenCat2" finished-at="2023-11-16T12:11:21 UTC" duration-ms="2361" status="FAIL">
          <params>
            <param index="0">
              <value>
                <![CDATA[edge]]>
              </value>
            </param>
          </params>
          <exception class="java.lang.AssertionError">
            <message>
              <![CDATA[
Expected: is "Destacatss"
     but: was "Destacats"]]>
            </message>
            <full-stacktrace>
              <![CDATA[java.lang.AssertionError: 
Expected: is "Destacatss"
     but: was "Destacats"
at org.hamcrest.MatcherAssert.assertThat(MatcherAssert.java:20)
at org.junit.Assert.assertThat(Assert.java:865)
at org.junit.Assert.assertThat(Assert.java:832)
at QualityGenCatTest.qualityGenCat2(QualityGenCatTest.java:84)
at java.base/jdk.internal.reflect.NativeMethodAccessorImpl.invoke0(Native Method)
at java.base/jdk.internal.reflect.NativeMethodAccessorImpl.invoke(NativeMethodAccessorImpl.java:77)
at java.base/jdk.internal.reflect.DelegatingMethodAccessorImpl.invoke(DelegatingMethodAccessorImpl.java:43)
at java.base/java.lang.reflect.Method.invoke(Method.java:568)
at org.testng.internal.MethodInvocationHelper.invokeMethod(MethodInvocationHelper.java:134)
at org.testng.internal.TestInvoker.invokeMethod(TestInvoker.java:597)
at org.testng.internal.TestInvoker.invokeTestMethod(TestInvoker.java:173)
at org.testng.internal.MethodRunner.runInSequence(MethodRunner.java:46)
at org.testng.internal.TestInvoker$MethodInvocationAgent.invoke(TestInvoker.java:816)
at org.testng.internal.TestInvoker.invokeTestMethods(TestInvoker.java:146)
at org.testng.internal.TestMethodWorker.invokeTestMethods(TestMethodWorker.java:146)
at org.testng.internal.TestMethodWorker.run(TestMethodWorker.java:128)
at java.base/java.util.concurrent.ThreadPoolExecutor.runWorker(ThreadPoolExecutor.java:1136)
at java.base/java.util.concurrent.ThreadPoolExecutor$Worker.run(ThreadPoolExecutor.java:635)
at java.base/java.lang.Thread.run(Thread.java:833)
]]>
            </full-stacktrace>
          </exception> <!-- java.lang.AssertionError -->
          <reporter-output>
          </reporter-output>
        </test-method> <!-- qualityGenCat2 -->
        <test-method is-config="true" signature="setUp()[pri:0, instance:QualityGenCatTest@3b2da18f]" started-at="2023-11-16T12:11:19 UTC" name="setUp" finished-at="2023-11-16T12:11:19 UTC" duration-ms="0" status="PASS">
          <reporter-output>
          </reporter-output>
        </test-method> <!-- setUp -->
        <test-method is-config="true" signature="tearDown()[pri:0, instance:QualityGenCatTest@3b2da18f]" started-at="2023-11-16T12:11:21 UTC" name="tearDown" finished-at="2023-11-16T12:11:21 UTC" duration-ms="189" status="PASS">
          <reporter-output>
          </reporter-output>
        </test-method> <!-- tearDown -->
        <test-method is-config="true" signature="terminate()[pri:0, instance:QualityGenCatTest@3b2da18f]" started-at="2023-11-16T12:11:21 UTC" name="terminate" finished-at="2023-11-16T12:11:22 UTC" duration-ms="218" status="PASS">
          <reporter-output>
          </reporter-output>
        </test-method> <!-- terminate -->
      </class> <!-- QualityGenCatTest -->
    </test> <!-- com.QualityGenCatTest -->
    <test started-at="2023-11-16T12:10:42 UTC" name="com.CttiGenCatTest" finished-at="2023-11-16T12:11:25 UTC" duration-ms="42770">
      <class name="CttiGenCatTest">
        <test-method is-config="true" signature="setUpExtentReports()[pri:0, instance:CttiGenCatTest@1198b989]" started-at="2023-11-16T12:10:42 UTC" name="setUpExtentReports" finished-at="2023-11-16T12:10:43 UTC" duration-ms="889" status="PASS">
          <reporter-output>
          </reporter-output>
        </test-method> <!-- setUpExtentReports -->
        <test-method is-config="true" signature="setup(java.lang.String)[pri:0, instance:CttiGenCatTest@1198b989]" started-at="2023-11-16T12:10:43 UTC" name="setup" finished-at="2023-11-16T12:11:11 UTC" duration-ms="28478" status="PASS">
          <params>
            <param index="0">
              <value>
                <![CDATA[firefox]]>
              </value>
            </param>
          </params>
          <reporter-output>
          </reporter-output>
        </test-method> <!-- setup -->
        <test-method is-config="true" signature="setup(java.lang.String)[pri:0, instance:CttiGenCatTest@1198b989]" started-at="2023-11-16T12:10:43 UTC" name="setup" finished-at="2023-11-16T12:10:53 UTC" duration-ms="10251" status="PASS">
          <params>
            <param index="0">
              <value>
                <![CDATA[firefox]]>
              </value>
            </param>
          </params>
          <reporter-output>
          </reporter-output>
        </test-method> <!-- setup -->
        <test-method signature="cttiGenCat2()[pri:0, instance:CttiGenCatTest@1198b989]" started-at="2023-11-16T12:10:53 UTC" name="cttiGenCat2" finished-at="2023-11-16T12:11:04 UTC" duration-ms="11316" status="PASS">
          <reporter-output>
          </reporter-output>
        </test-method> <!-- cttiGenCat2 -->
        <test-method is-config="true" signature="tearDown()[pri:0, instance:CttiGenCatTest@1198b989]" started-at="2023-11-16T12:11:04 UTC" name="tearDown" finished-at="2023-11-16T12:11:06 UTC" duration-ms="1327" status="PASS">
          <reporter-output>
          </reporter-output>
        </test-method> <!-- tearDown -->
        <test-method signature="cttiGenCat()[pri:0, instance:CttiGenCatTest@1198b989]" started-at="2023-11-16T12:11:11 UTC" name="cttiGenCat" finished-at="2023-11-16T12:11:23 UTC" duration-ms="11636" status="PASS">
          <reporter-output>
          </reporter-output>
        </test-method> <!-- cttiGenCat -->
        <test-method is-config="true" signature="tearDown()[pri:0, instance:CttiGenCatTest@1198b989]" started-at="2023-11-16T12:11:23 UTC" name="tearDown" finished-at="2023-11-16T12:11:24 UTC" duration-ms="1401" status="PASS">
          <reporter-output>
          </reporter-output>
        </test-method> <!-- tearDown -->
        <test-method is-config="true" signature="terminate()[pri:0, instance:CttiGenCatTest@1198b989]" started-at="2023-11-16T12:11:24 UTC" name="terminate" finished-at="2023-11-16T12:11:25 UTC" duration-ms="204" status="PASS">
          <reporter-output>
          </reporter-output>
        </test-method> <!-- terminate -->
      </class> <!-- CttiGenCatTest -->
    </test> <!-- com.CttiGenCatTest -->
  </suite> <!-- TestGenCat -->
</testng-results>
